<?xml version="1.0" encoding="UTF-8"?>
<testsuite xmlns:xsi="http://www.w3.org/2001/XMLSchema-instance" xsi:schemaLocation="https://maven.apache.org/surefire/maven-surefire-plugin/xsd/surefire-test-report.xsd" name="InjectedTest" time="62.543" tests="18" errors="8" skipped="0" failures="2">
  <properties>
[...]
</properties>
  <testcase name="com\haven\firstplugin\DynamicParameter\config.jelly" classname="org.jvnet.hudson.test.JellyTestSuiteBuilder$JellyCheck" time="0.303">
    <failure message="&lt;?jelly escape-by-default=&apos;true&apos;?&gt; is missing in file:/E:/Gitcode/Test/jenkins/newplugin/target/classes/com/haven/firstplugin/DynamicParameter/config.jelly" type="java.lang.AssertionError"><![CDATA[java.lang.AssertionError: <?jelly escape-by-default='true'?> is missing in file:/E:/Gitcode/Test/jenkins/newplugin/target/classes/com/haven/firstplugin/DynamicParameter/config.jelly
	at org.jvnet.hudson.test.JellyTestSuiteBuilder$JellyCheck.runTest(JellyTestSuiteBuilder.java:108)
]]></failure>
    <system-out><![CDATA[Exploding C:\Users\Administrator\.m2\repository\org\jenkins-ci\main\jenkins-war\1.625.3\jenkins-war-1.625.3-war-for-test.jar into E:\Gitcode\Test\jenkins\newplugin\target\jenkins-for-test
]]></system-out>
    <system-err><![CDATA[Sep 22, 2017 10:33:32 AM org.eclipse.jetty.util.log.Log initialized
INFO: Logging initialized @423ms
Sep 22, 2017 10:33:54 AM org.eclipse.jetty.server.handler.ContextHandler setContextPath
WARNING: Empty contextPath
Sep 22, 2017 10:33:54 AM org.eclipse.jetty.server.Server doStart
INFO: jetty-9.2.12.v20150709
Sep 22, 2017 10:33:54 AM org.eclipse.jetty.webapp.StandardDescriptorProcessor visitServlet
INFO: NO JSP Support for /, did not find org.eclipse.jetty.jsp.JettyJspServlet
Sep 22, 2017 10:33:54 AM org.eclipse.jetty.server.handler.ContextHandler doStart
INFO: Started o.e.j.w.WebAppContext@df9280{/,file:/E:/Gitcode/Test/jenkins/newplugin/target/jenkins-for-test/,AVAILABLE}{E:\Gitcode\Test\jenkins\newplugin\target\jenkins-for-test}
Sep 22, 2017 10:33:54 AM org.eclipse.jetty.server.AbstractConnector doStart
INFO: Started ServerConnector@755cc1{HTTP/1.1}{localhost:61850}
Sep 22, 2017 10:33:54 AM org.eclipse.jetty.server.Server doStart
INFO: Started @22281ms
Sep 22, 2017 10:33:54 AM jenkins.InitReactorRunner$1 onAttained
INFO: Started initialization
Sep 22, 2017 10:34:18 AM jenkins.InitReactorRunner$1 onAttained
INFO: Listed all plugins
Sep 22, 2017 10:34:18 AM jenkins.InitReactorRunner$1 onAttained
INFO: Prepared all plugins
Sep 22, 2017 10:34:18 AM jenkins.InitReactorRunner$1 onAttained
INFO: Started all plugins
Sep 22, 2017 10:34:18 AM jenkins.InitReactorRunner$1 onAttained
INFO: Augmented all extensions
Sep 22, 2017 10:34:20 AM jenkins.InitReactorRunner$1 onAttained
INFO: Loaded all jobs
Sep 22, 2017 10:34:29 AM org.jenkinsci.main.modules.sshd.SSHD start
INFO: Started SSHD at port 61876
Sep 22, 2017 10:34:29 AM jenkins.InitReactorRunner$1 onAttained
INFO: Completed initialization
Sep 22, 2017 10:34:30 AM org.eclipse.jetty.server.Server doStart
INFO: jetty-9.2.12.v20150709
Sep 22, 2017 10:34:30 AM org.eclipse.jetty.server.handler.ContextHandler doStart
INFO: Started o.e.j.s.ServletContextHandler@62b621{/,null,AVAILABLE}
Sep 22, 2017 10:34:30 AM org.eclipse.jetty.server.AbstractConnector doStart
INFO: Started ServerConnector@1ebb875{HTTP/1.1}{0.0.0.0:61878}
Sep 22, 2017 10:34:30 AM org.eclipse.jetty.server.Server doStart
INFO: Started @57842ms
]]></system-err>
  </testcase>
  <testcase name="index.jelly" classname="org.jvnet.hudson.test.JellyTestSuiteBuilder$JellyCheck" time="0.002"/>
  <testcase name="com\haven\firstplugin\DynamicParameterValue\value.jelly" classname="org.jvnet.hudson.test.JellyTestSuiteBuilder$JellyCheck" time="0.034">
    <failure message="&lt;?jelly escape-by-default=&apos;true&apos;?&gt; is missing in file:/E:/Gitcode/Test/jenkins/newplugin/target/classes/com/haven/firstplugin/DynamicParameterValue/value.jelly" type="java.lang.AssertionError"><![CDATA[java.lang.AssertionError: <?jelly escape-by-default='true'?> is missing in file:/E:/Gitcode/Test/jenkins/newplugin/target/classes/com/haven/firstplugin/DynamicParameterValue/value.jelly
	at org.jvnet.hudson.test.JellyTestSuiteBuilder$JellyCheck.runTest(JellyTestSuiteBuilder.java:108)
]]></failure>
  </testcase>
  <testcase name="com\haven\firstplugin\CustomizeParametersDefinitionProperty\index.jelly" classname="org.jvnet.hudson.test.JellyTestSuiteBuilder$JellyCheck" time="0.076"/>
  <testcase name="com\haven\firstplugin\DynamicParameter\index.jelly" classname="org.jvnet.hudson.test.JellyTestSuiteBuilder$JellyCheck" time="0.03"/>
  <testcase name="com\haven\firstplugin\CustomizeParametersDefinitionProperty\config.jelly" classname="org.jvnet.hudson.test.JellyTestSuiteBuilder$JellyCheck" time="0.037"/>
  <testcase name="testCliSanity" classname="org.jvnet.hudson.test.PluginAutomaticTestBuilder$OtherTests" time="0.013"/>
  <testcase name="testPluginActive" classname="org.jvnet.hudson.test.PluginAutomaticTestBuilder$OtherTests" time="0"/>
  <testcase name="org.jvnet.hudson.test.JellyTestSuiteBuilder$JellyTestSuite" classname="org.jvnet.hudson.test.junit.FailedTest" time="0"/>
  <testcase name="com\haven\firstplugin\CustomizeParametersDefinitionProperty\index.properties" classname="org.jvnet.hudson.test.PropertiesTestSuite$PropertiesTest" time="0.001"/>
  <testcase name="initializationError" classname="org.junit.runner.manipulation.Filter" time="0">
    <error message="No tests found matching Method com\haven\firstplugin\DynamicParameter\config.jelly(org.jvnet.hudson.test.JellyTestSuiteBuilder$JellyCheck) from org.junit.internal.requests.ClassRequest@758545" type="java.lang.Exception">java.lang.Exception: No tests found matching Method com\haven\firstplugin\DynamicParameter\config.jelly(org.jvnet.hudson.test.JellyTestSuiteBuilder$JellyCheck) from org.junit.internal.requests.ClassRequest@758545
</error>
    <rerunError message="No tests found matching Method com\haven\firstplugin\DynamicParameterValue\value.jelly(org.jvnet.hudson.test.JellyTestSuiteBuilder$JellyCheck) from org.junit.internal.requests.ClassRequest@746d37" type="java.lang.Exception">java.lang.Exception: No tests found matching Method com\haven\firstplugin\DynamicParameterValue\value.jelly(org.jvnet.hudson.test.JellyTestSuiteBuilder$JellyCheck) from org.junit.internal.requests.ClassRequest@746d37
</rerunError>
    <rerunError message="No runnable methods" type="java.lang.Exception">java.lang.Exception: No runnable methods
</rerunError>
    <rerunError message="No runnable methods" type="java.lang.Exception">java.lang.Exception: No runnable methods
</rerunError>
    <rerunError message="No runnable methods" type="java.lang.Exception">java.lang.Exception: No runnable methods
</rerunError>
    <rerunError message="No runnable methods" type="java.lang.Exception">java.lang.Exception: No runnable methods
</rerunError>
    <rerunError message="No runnable methods" type="java.lang.Exception">java.lang.Exception: No runnable methods
</rerunError>
    <rerunError message="No runnable methods" type="java.lang.Exception">java.lang.Exception: No runnable methods
</rerunError>
  </testcase>
</testsuite>